<?xml version="1.0" encoding="UTF-8"?>
<testng-results ignored="0" total="6" passed="6" failed="0" skipped="0">
  <reporter-output>
  </reporter-output>
  <suite started-at="2020-03-03T10:21:54 IST" name="Suite" finished-at="2020-03-03T10:21:59 IST" duration-ms="5268">
    <groups>
    </groups>
    <test started-at="2020-03-03T10:21:54 IST" name="Test Depends on methods" finished-at="2020-03-03T10:21:54 IST" duration-ms="161">
      <class name="BasicTestngannotations.Dependsonmethod">
        <test-method is-config="true" signature="autombiletestInitialization()[pri:0, instance:BasicTestngannotations.Dependsonmethod@52e677af]" started-at="2020-03-03T10:21:54 IST" name="autombiletestInitialization" finished-at="2020-03-03T10:21:54 IST" duration-ms="0" status="PASS">
          <reporter-output>
          </reporter-output>
        </test-method> <!-- autombiletestInitialization -->
        <test-method is-config="true" signature="BeforeClass()[pri:0, instance:BasicTestngannotations.Dependsonmethod@52e677af]" started-at="2020-03-03T10:21:54 IST" name="BeforeClass" finished-at="2020-03-03T10:21:54 IST" duration-ms="0" status="PASS">
          <reporter-output>
          </reporter-output>
        </test-method> <!-- BeforeClass -->
        <test-method is-config="true" signature="beforeMethod()[pri:0, instance:BasicTestngannotations.Dependsonmethod@52e677af]" started-at="2020-03-03T10:21:54 IST" name="beforeMethod" finished-at="2020-03-03T10:21:54 IST" duration-ms="1" status="PASS">
          <reporter-output>
          </reporter-output>
        </test-method> <!-- beforeMethod -->
        <test-method signature="login()[pri:0, instance:BasicTestngannotations.Dependsonmethod@52e677af]" started-at="2020-03-03T10:21:54 IST" name="login" finished-at="2020-03-03T10:21:54 IST" duration-ms="11" status="PASS">
          <reporter-output>
          </reporter-output>
        </test-method> <!-- login -->
        <test-method is-config="true" signature="AfterMethod()[pri:0, instance:BasicTestngannotations.Dependsonmethod@52e677af]" started-at="2020-03-03T10:21:54 IST" name="AfterMethod" finished-at="2020-03-03T10:21:54 IST" duration-ms="1" status="PASS">
          <reporter-output>
          </reporter-output>
        </test-method> <!-- AfterMethod -->
        <test-method is-config="true" signature="beforeMethod()[pri:0, instance:BasicTestngannotations.Dependsonmethod@52e677af]" started-at="2020-03-03T10:21:54 IST" name="beforeMethod" finished-at="2020-03-03T10:21:54 IST" duration-ms="6" status="PASS">
          <reporter-output>
          </reporter-output>
        </test-method> <!-- beforeMethod -->
        <test-method signature="homepage()[pri:0, instance:BasicTestngannotations.Dependsonmethod@52e677af]" started-at="2020-03-03T10:21:54 IST" name="homepage" finished-at="2020-03-03T10:21:54 IST" depends-on-methods="BasicTestngannotations.Dependsonmethod.login" duration-ms="43" status="PASS">
          <reporter-output>
          </reporter-output>
        </test-method> <!-- homepage -->
        <test-method is-config="true" signature="AfterMethod()[pri:0, instance:BasicTestngannotations.Dependsonmethod@52e677af]" started-at="2020-03-03T10:21:54 IST" name="AfterMethod" finished-at="2020-03-03T10:21:54 IST" duration-ms="1" status="PASS">
          <reporter-output>
          </reporter-output>
        </test-method> <!-- AfterMethod -->
        <test-method is-config="true" signature="beforeMethod()[pri:0, instance:BasicTestngannotations.Dependsonmethod@52e677af]" started-at="2020-03-03T10:21:54 IST" name="beforeMethod" finished-at="2020-03-03T10:21:54 IST" duration-ms="1" status="PASS">
          <reporter-output>
          </reporter-output>
        </test-method> <!-- beforeMethod -->
        <test-method signature="logout()[pri:0, instance:BasicTestngannotations.Dependsonmethod@52e677af]" started-at="2020-03-03T10:21:54 IST" name="logout" finished-at="2020-03-03T10:21:54 IST" depends-on-methods="BasicTestngannotations.Dependsonmethod.login, BasicTestngannotations.Dependsonmethod.homepage" duration-ms="12" status="PASS">
          <reporter-output>
          </reporter-output>
        </test-method> <!-- logout -->
        <test-method is-config="true" signature="AfterMethod()[pri:0, instance:BasicTestngannotations.Dependsonmethod@52e677af]" started-at="2020-03-03T10:21:54 IST" name="AfterMethod" finished-at="2020-03-03T10:21:54 IST" duration-ms="1" status="PASS">
          <reporter-output>
          </reporter-output>
        </test-method> <!-- AfterMethod -->
        <test-method is-config="true" signature="afterClass()[pri:0, instance:BasicTestngannotations.Dependsonmethod@52e677af]" started-at="2020-03-03T10:21:54 IST" name="afterClass" finished-at="2020-03-03T10:21:54 IST" duration-ms="3" status="PASS">
          <reporter-output>
          </reporter-output>
        </test-method> <!-- afterClass -->
        <test-method is-config="true" signature="automobileTestTeardown()[pri:0, instance:BasicTestngannotations.Dependsonmethod@52e677af]" started-at="2020-03-03T10:21:54 IST" name="automobileTestTeardown" finished-at="2020-03-03T10:21:54 IST" duration-ms="0" status="PASS">
          <reporter-output>
          </reporter-output>
        </test-method> <!-- automobileTestTeardown -->
      </class> <!-- BasicTestngannotations.Dependsonmethod -->
    </test> <!-- Test Depends on methods -->
    <test started-at="2020-03-03T10:21:59 IST" name="priorities methods" finished-at="2020-03-03T10:21:59 IST" duration-ms="20">
      <class name="BasicTestngannotations.TestNG">
        <test-method is-config="true" signature="suiteInitialization()[pri:0, instance:BasicTestngannotations.TestNG@5906ebcb]" started-at="2020-03-03T10:21:54 IST" name="suiteInitialization" finished-at="2020-03-03T10:21:54 IST" duration-ms="14" status="PASS">
          <reporter-output>
          </reporter-output>
        </test-method> <!-- suiteInitialization -->
        <test-method is-config="true" signature="autombiletestInitialization()[pri:0, instance:BasicTestngannotations.TestNG@5906ebcb]" started-at="2020-03-03T10:21:59 IST" name="autombiletestInitialization" finished-at="2020-03-03T10:21:59 IST" duration-ms="0" status="PASS">
          <reporter-output>
          </reporter-output>
        </test-method> <!-- autombiletestInitialization -->
        <test-method is-config="true" signature="BeforeClass()[pri:0, instance:BasicTestngannotations.TestNG@5906ebcb]" started-at="2020-03-03T10:21:59 IST" name="BeforeClass" finished-at="2020-03-03T10:21:59 IST" duration-ms="0" status="PASS">
          <reporter-output>
          </reporter-output>
        </test-method> <!-- BeforeClass -->
        <test-method signature="test3()[pri:0, instance:BasicTestngannotations.TestNG@5906ebcb]" started-at="2020-03-03T10:21:59 IST" name="test3" finished-at="2020-03-03T10:21:59 IST" duration-ms="2" status="PASS">
          <reporter-output>
          </reporter-output>
        </test-method> <!-- test3 -->
        <test-method is-config="true" signature="beforeMethod()[pri:0, instance:BasicTestngannotations.TestNG@5906ebcb]" started-at="2020-03-03T10:21:59 IST" name="beforeMethod" finished-at="2020-03-03T10:21:59 IST" duration-ms="0" status="PASS">
          <reporter-output>
          </reporter-output>
        </test-method> <!-- beforeMethod -->
        <test-method is-config="true" signature="AfterMethod()[pri:0, instance:BasicTestngannotations.TestNG@5906ebcb]" started-at="2020-03-03T10:21:59 IST" name="AfterMethod" finished-at="2020-03-03T10:21:59 IST" duration-ms="1" status="PASS">
          <reporter-output>
          </reporter-output>
        </test-method> <!-- AfterMethod -->
        <test-method is-config="true" signature="beforeMethod()[pri:0, instance:BasicTestngannotations.TestNG@5906ebcb]" started-at="2020-03-03T10:21:59 IST" name="beforeMethod" finished-at="2020-03-03T10:21:59 IST" duration-ms="1" status="PASS">
          <reporter-output>
          </reporter-output>
        </test-method> <!-- beforeMethod -->
        <test-method signature="test()[pri:1, instance:BasicTestngannotations.TestNG@5906ebcb]" started-at="2020-03-03T10:21:59 IST" name="test" finished-at="2020-03-03T10:21:59 IST" duration-ms="1" status="PASS">
          <reporter-output>
          </reporter-output>
        </test-method> <!-- test -->
        <test-method is-config="true" signature="AfterMethod()[pri:0, instance:BasicTestngannotations.TestNG@5906ebcb]" started-at="2020-03-03T10:21:59 IST" name="AfterMethod" finished-at="2020-03-03T10:21:59 IST" duration-ms="1" status="PASS">
          <reporter-output>
          </reporter-output>
        </test-method> <!-- AfterMethod -->
        <test-method is-config="true" signature="beforeMethod()[pri:0, instance:BasicTestngannotations.TestNG@5906ebcb]" started-at="2020-03-03T10:21:59 IST" name="beforeMethod" finished-at="2020-03-03T10:21:59 IST" duration-ms="1" status="PASS">
          <reporter-output>
          </reporter-output>
        </test-method> <!-- beforeMethod -->
        <test-method signature="test2()[pri:2, instance:BasicTestngannotations.TestNG@5906ebcb]" started-at="2020-03-03T10:21:59 IST" name="test2" finished-at="2020-03-03T10:21:59 IST" duration-ms="1" status="PASS">
          <reporter-output>
          </reporter-output>
        </test-method> <!-- test2 -->
        <test-method is-config="true" signature="afterClass()[pri:0, instance:BasicTestngannotations.TestNG@5906ebcb]" started-at="2020-03-03T10:21:59 IST" name="afterClass" finished-at="2020-03-03T10:21:59 IST" duration-ms="1" status="PASS">
          <reporter-output>
          </reporter-output>
        </test-method> <!-- afterClass -->
        <test-method is-config="true" signature="AfterMethod()[pri:0, instance:BasicTestngannotations.TestNG@5906ebcb]" started-at="2020-03-03T10:21:59 IST" name="AfterMethod" finished-at="2020-03-03T10:21:59 IST" duration-ms="0" status="PASS">
          <reporter-output>
          </reporter-output>
        </test-method> <!-- AfterMethod -->
        <test-method is-config="true" signature="automobileTestTeardown()[pri:0, instance:BasicTestngannotations.TestNG@5906ebcb]" started-at="2020-03-03T10:21:59 IST" name="automobileTestTeardown" finished-at="2020-03-03T10:21:59 IST" duration-ms="0" status="PASS">
          <reporter-output>
          </reporter-output>
        </test-method> <!-- automobileTestTeardown -->
        <test-method is-config="true" signature="suiteTeardown()[pri:0, instance:BasicTestngannotations.TestNG@5906ebcb]" started-at="2020-03-03T10:21:59 IST" name="suiteTeardown" finished-at="2020-03-03T10:21:59 IST" duration-ms="0" status="PASS">
          <reporter-output>
          </reporter-output>
        </test-method> <!-- suiteTeardown -->
      </class> <!-- BasicTestngannotations.TestNG -->
    </test> <!-- priorities methods -->
  </suite> <!-- Suite -->
</testng-results>
