<?xml version="1.0" encoding="UTF-8"?>
<testng-results ignored="0" total="3" passed="3" failed="0" skipped="0">
  <reporter-output>
  </reporter-output>
  <suite started-at="2020-03-04T04:45:57Z" name="Default suite" finished-at="2020-03-04T04:46:04Z" duration-ms="7428">
    <groups>
    </groups>
    <test started-at="2020-03-04T04:45:57Z" name="Default test" finished-at="2020-03-04T04:46:04Z" duration-ms="7428">
      <class name="PG1.TestScript">
        <test-method signature="test1()[pri:0, instance:PG1.TestScript@c540f5a]" started-at="2020-03-04T10:15:57Z" name="test1" finished-at="2020-03-04T10:16:04Z" duration-ms="7354" status="PASS">
          <reporter-output>
          </reporter-output>
        </test-method> <!-- test1 -->
        <test-method signature="test2()[pri:0, instance:PG1.TestScript@c540f5a]" started-at="2020-03-04T10:16:04Z" name="test2" finished-at="2020-03-04T10:16:04Z" duration-ms="2" status="PASS">
          <reporter-output>
          </reporter-output>
        </test-method> <!-- test2 -->
        <test-method signature="test3()[pri:0, instance:PG1.TestScript@c540f5a]" started-at="2020-03-04T10:16:04Z" name="test3" finished-at="2020-03-04T10:16:04Z" duration-ms="7" status="PASS">
          <reporter-output>
          </reporter-output>
        </test-method> <!-- test3 -->
      </class> <!-- PG1.TestScript -->
    </test> <!-- Default test -->
  </suite> <!-- Default suite -->
</testng-results>
