<?xml version="1.0" encoding="UTF-8"?>
<!-- Generated by org.testng.reporters.JUnitXMLReporter -->
<testsuite ignored="0" hostname="Gauravs-MacBook-Air.local" failures="0" tests="3" name="priorities methods" time="0.02" errors="0" timestamp="2020-03-03T10:21:59 IST">
  <testcase classname="BasicTestngannotations.TestNG" name="test3" time="0.002"/>
  <testcase classname="BasicTestngannotations.TestNG" name="test" time="0.001"/>
  <testcase classname="BasicTestngannotations.TestNG" name="test2" time="0.001"/>
</testsuite> <!-- priorities methods -->
