<?xml version="1.0" encoding="UTF-8"?>
<!-- Generated by org.testng.reporters.JUnitXMLReporter -->
<testsuite ignored="0" hostname="Gauravs-MacBook-Air.local" failures="0" tests="3" name="Test" time="0.104" errors="0" timestamp="2020-03-03T09:22:48 IST">
  <testcase classname="BasicTestngannotations.Dependsonmethod" name="login" time="0.015"/>
  <testcase classname="BasicTestngannotations.Dependsonmethod" name="homepage" time="0.003"/>
  <testcase classname="BasicTestngannotations.Dependsonmethod" name="logout" time="0.003"/>
</testsuite> <!-- Test -->
