<?xml version="1.0" encoding="UTF-8"?>
<!-- Generated by org.testng.reporters.JUnitXMLReporter -->
<testsuite ignored="0" hostname="Gauravs-MacBook-Air.local" failures="0" tests="3" name="Test Depends on methods" time="0.161" errors="0" timestamp="2020-03-03T10:21:59 IST">
  <testcase classname="BasicTestngannotations.Dependsonmethod" name="login" time="0.011"/>
  <testcase classname="BasicTestngannotations.Dependsonmethod" name="homepage" time="0.043"/>
  <testcase classname="BasicTestngannotations.Dependsonmethod" name="logout" time="0.012"/>
</testsuite> <!-- Test Depends on methods -->
