<?xml version="1.0" encoding="UTF-8"?>
<!-- Generated by org.testng.reporters.JUnitXMLReporter -->
<testsuite ignored="0" hostname="Gauravs-MacBook-Air.local" failures="0" tests="3" name="Default test" time="7.428" errors="0" timestamp="04 Mar 2020 04:46:09 GMT">
  <testcase classname="PG1.TestScript" name="test1" time="7.354"/>
  <testcase classname="PG1.TestScript" name="test2" time="0.002"/>
  <testcase classname="PG1.TestScript" name="test3" time="0.007"/>
</testsuite> <!-- Default test -->
